<?xml version="1.0" encoding="UTF-8"?>
<!-- Generated by org.testng.reporters.JUnitXMLReporter -->
<testsuite ignored="0" hostname="LAPTOP-6P3KT7T9" failures="1" tests="1" name="Test" time="0.045" errors="0" timestamp="2024-09-26T12:27:25 IST">
  <testcase classname="testSuites.Amazon2" name="@AfterClass name" time="0.004">
    <failure type="java.lang.NullPointerException" message="Cannot invoke &amp;quot;org.openqa.selenium.WebDriver.quit()&amp;quot; because &amp;quot;testSuites.Amazon2.driver&amp;quot; is null">
      <![CDATA[java.lang.NullPointerException: Cannot invoke "org.openqa.selenium.WebDriver.quit()" because "testSuites.Amazon2.driver" is null
at testSuites.Amazon2.name(Amazon2.java:106)
at java.base/java.util.ArrayList.forEach(ArrayList.java:1511)
... Removed 25 stack frames]]>
    </failure>
  </testcase> <!-- @AfterClass name -->
  <testcase classname="testSuites.Amazon2" name="main" time="0.0">
    <failure type="org.testng.TestNGException" message="
Parameter &amp;apos;cellValue&amp;apos; is required by @Test on method main but has not been marked @Optional or defined
in C:\AutomationTesting\testng_project\testng.xml">
      <![CDATA[org.testng.TestNGException: 
Parameter 'cellValue' is required by @Test on method main but has not been marked @Optional or defined
in C:\AutomationTesting\testng_project\testng.xml
at java.base/java.util.ArrayList.forEach(ArrayList.java:1511)
... Removed 26 stack frames]]>
    </failure>
  </testcase> <!-- main -->
</testsuite> <!-- Test -->
