<?xml version="1.0" encoding="UTF-8"?>
<!-- Generated by org.testng.reporters.JUnitXMLReporter -->
<testsuite ignored="0" hostname="LAPTOP-6P3KT7T9" failures="1" tests="1" name="Test" time="125.792" errors="0" timestamp="2024-09-20T00:20:12 IST">
  <testcase classname="testSuite.TestCase01" name="tc01" time="125.746">
    <failure type="java.lang.AssertionError" message="Failed message is displayed!...
	Test is faild due to this,
	Test is faild due to this,
	Element is not visible!...,
	Element is not visible!...">
      <![CDATA[java.lang.AssertionError: Failed message is displayed!...
Test is faild due to this,
Test is faild due to this,
Element is not visible!...,
Element is not visible!...
at utils.AssertUtils.softAssertAll(AssertUtils.java:20)
at testSuite.TestCase01.tc01(TestCase01.java:37)
at java.base/java.util.concurrent.ThreadPoolExecutor.runWorker(ThreadPoolExecutor.java:1144)
at java.base/java.util.concurrent.ThreadPoolExecutor$Worker.run(ThreadPoolExecutor.java:642)
at java.base/java.lang.Thread.run(Thread.java:1583)
... Removed 11 stack frames]]>
    </failure>
  </testcase> <!-- tc01 -->
</testsuite> <!-- Test -->
