<?xml version="1.0" encoding="UTF-8"?>
<!-- Generated by org.testng.reporters.JUnitXMLReporter -->
<testsuite ignored="0" hostname="LAPTOP-6P3KT7T9" failures="0" tests="4" name="Default test" time="144.106" errors="0" timestamp="2024-10-24T21:01:06 IST">
  <testcase classname="testSuite.LoginPageTests" name="testCase03" time="12.43"/>
  <testcase classname="testSuite.LoginPageTests" name="testCase04" time="7.355"/>
  <testcase classname="testSuite.LoginPageTests" name="testCase05" time="61.08"/>
  <testcase classname="testSuite.LoginPageTests" name="testCase06" time="60.702"/>
</testsuite> <!-- Default test -->
