<?xml version="1.0" encoding="UTF-8"?>
<!-- Generated by org.testng.reporters.JUnitXMLReporter -->
<testsuite ignored="1" hostname="LAPTOP-6P3KT7T9" failures="0" tests="1" name="Default test" time="25.298" errors="0" timestamp="2024-11-04T23:22:45 IST">
  <testcase classname="testSuite.AddEmployeePageTests" name="testCase01" time="11.074"/>
  <testcase classname="testSuite.AddEmployeePageTests" name="testCase02" time="0.0">
    <ignored/>
  </testcase> <!-- testCase02 -->
</testsuite> <!-- Default test -->
