<?xml version="1.0" encoding="UTF-8"?>
<!-- Generated by org.testng.reporters.JUnitXMLReporter -->
<testsuite ignored="1" hostname="LAPTOP-6P3KT7T9" failures="0" tests="1" name="Default test" time="17.006" errors="0" timestamp="2024-11-01T09:34:22 IST">
  <testcase classname="testSuite.AddEmployeePageTests" name="testCase01" time="11.526"/>
  <testcase classname="testSuite.AddEmployeePageTests" name="testCase02" time="0.0">
    <ignored/>
  </testcase> <!-- testCase02 -->
</testsuite> <!-- Default test -->
