<?xml version="1.0" encoding="UTF-8"?>
<testng-results total="1" passed="1" failed="0" skipped="0">
  <reporter-output>
    <line>
      <![CDATA[Application Opened]]>
    </line>
    <line>
      <![CDATA[Application Closed]]>
    </line>
  </reporter-output>
  <suite started-at="2024-02-06T13:56:54Z" name="Default suite" finished-at="2024-02-06T13:57:07Z" duration-ms="13017">
    <groups>
    </groups>
    <test started-at="2024-02-06T13:56:54Z" name="Default test" finished-at="2024-02-06T13:57:07Z" duration-ms="13017">
      <class name="com.paraBank.testscripts.TC001_Register_Page">
        <test-method signature="tc001()[pri:0, instance:com.paraBank.testscripts.TC001_Register_Page@5a5338df]" started-at="2024-02-06T19:26:54Z" name="tc001" finished-at="2024-02-06T19:27:07Z" duration-ms="13001" status="PASS">
          <reporter-output>
            <line>
              <![CDATA[Application Opened]]>
            </line>
            <line>
              <![CDATA[Application Closed]]>
            </line>
          </reporter-output>
        </test-method> <!-- tc001 -->
      </class> <!-- com.paraBank.testscripts.TC001_Register_Page -->
    </test> <!-- Default test -->
  </suite> <!-- Default suite -->
</testng-results>
