<?xml version="1.0" encoding="UTF-8"?>
<testng-results ignored="1" total="2" passed="1" failed="0" skipped="0">
  <reporter-output>
  </reporter-output>
  <suite started-at="2024-11-01T09:34:05 IST" name="Default suite" finished-at="2024-11-01T09:34:22 IST" duration-ms="17006">
    <groups>
    </groups>
    <test started-at="2024-11-01T09:34:05 IST" name="Default test" finished-at="2024-11-01T09:34:22 IST" duration-ms="17006">
      <class name="testSuite.AddEmployeePageTests">
        <test-method is-config="true" signature="getCurrentMethodAndClass(org.testng.ITestResult)[pri:0, instance:testSuite.AddEmployeePageTests@8f4ea7c]" started-at="2024-11-01T09:34:05 IST" name="getCurrentMethodAndClass" finished-at="2024-11-01T09:34:05 IST" duration-ms="5" status="PASS">
          <params>
            <param index="0">
              <value>
                <![CDATA[[TestResult name={null} status=CREATED method=AddEmployeePageTests.testCase01()[pri:0, instance:testSuite.AddEmployeePageTests@8f4ea7c] output={null}]]]>
              </value>
            </param>
          </params>
          <reporter-output>
          </reporter-output>
        </test-method> <!-- getCurrentMethodAndClass -->
        <test-method is-config="true" signature="getTestData()[pri:0, instance:testSuite.AddEmployeePageTests@8f4ea7c]" started-at="2024-11-01T09:34:05 IST" name="getTestData" finished-at="2024-11-01T09:34:05 IST" duration-ms="0" status="PASS">
          <reporter-output>
          </reporter-output>
        </test-method> <!-- getTestData -->
        <test-method is-config="true" signature="loadData()[pri:0, instance:testSuite.AddEmployeePageTests@8f4ea7c]" started-at="2024-11-01T09:34:05 IST" name="loadData" finished-at="2024-11-01T09:34:10 IST" duration-ms="5445" status="PASS">
          <reporter-output>
          </reporter-output>
        </test-method> <!-- loadData -->
        <test-method signature="testCase01()[pri:0, instance:testSuite.AddEmployeePageTests@8f4ea7c]" started-at="2024-11-01T09:34:10 IST" name="testCase01" finished-at="2024-11-01T09:34:22 IST" duration-ms="11526" status="PASS">
          <reporter-output>
          </reporter-output>
        </test-method> <!-- testCase01 -->
      </class> <!-- testSuite.AddEmployeePageTests -->
    </test> <!-- Default test -->
  </suite> <!-- Default suite -->
</testng-results>
