<?xml version="1.0" encoding="UTF-8"?>
<testng-results ignored="0" total="7" passed="6" failed="1" skipped="0">
  <reporter-output>
  </reporter-output>
  <suite started-at="2024-10-24T07:01:14 IST" name="Default suite" finished-at="2024-10-24T07:07:23 IST" duration-ms="369251">
    <groups>
    </groups>
    <test started-at="2024-10-24T07:01:14 IST" name="Default test" finished-at="2024-10-24T07:07:23 IST" duration-ms="369251">
      <class name="testSuite.LoginPageTests">
        <test-method is-config="true" signature="getCurrentMethodAndClass(org.testng.ITestResult)[pri:0, instance:testSuite.LoginPageTests@223d2c72]" started-at="2024-10-24T07:01:14 IST" name="getCurrentMethodAndClass" finished-at="2024-10-24T07:01:14 IST" duration-ms="10" status="PASS">
          <params>
            <param index="0">
              <value>
                <![CDATA[[TestResult name={null} status=CREATED method=LoginPageTests.testCase01()[pri:0, instance:testSuite.LoginPageTests@223d2c72] output={null}]]]>
              </value>
            </param>
          </params>
          <reporter-output>
          </reporter-output>
        </test-method> <!-- getCurrentMethodAndClass -->
        <test-method is-config="true" signature="getTestData()[pri:0, instance:testSuite.LoginPageTests@223d2c72]" started-at="2024-10-24T07:01:14 IST" name="getTestData" finished-at="2024-10-24T07:01:15 IST" duration-ms="1594" status="PASS">
          <reporter-output>
          </reporter-output>
        </test-method> <!-- getTestData -->
        <test-method signature="testCase01()[pri:0, instance:testSuite.LoginPageTests@223d2c72]" started-at="2024-10-24T07:01:15 IST" name="testCase01" finished-at="2024-10-24T07:02:46 IST" duration-ms="90257" status="PASS">
          <reporter-output>
          </reporter-output>
        </test-method> <!-- testCase01 -->
        <test-method is-config="true" signature="getCurrentMethodAndClass(org.testng.ITestResult)[pri:0, instance:testSuite.LoginPageTests@223d2c72]" started-at="2024-10-24T07:02:46 IST" name="getCurrentMethodAndClass" finished-at="2024-10-24T07:02:46 IST" duration-ms="1" status="PASS">
          <params>
            <param index="0">
              <value>
                <![CDATA[[TestResult name={null} status=CREATED method=LoginPageTests.testCase02()[pri:0, instance:testSuite.LoginPageTests@223d2c72] output={null}]]]>
              </value>
            </param>
          </params>
          <reporter-output>
          </reporter-output>
        </test-method> <!-- getCurrentMethodAndClass -->
        <test-method is-config="true" signature="getTestData()[pri:0, instance:testSuite.LoginPageTests@223d2c72]" started-at="2024-10-24T07:02:46 IST" name="getTestData" finished-at="2024-10-24T07:02:46 IST" duration-ms="288" status="PASS">
          <reporter-output>
          </reporter-output>
        </test-method> <!-- getTestData -->
        <test-method signature="testCase02()[pri:0, instance:testSuite.LoginPageTests@223d2c72]" started-at="2024-10-24T07:02:46 IST" name="testCase02" finished-at="2024-10-24T07:04:04 IST" duration-ms="78581" status="FAIL">
          <exception class="java.lang.reflect.InvocationTargetException">
            <full-stacktrace>
              <![CDATA[java.lang.reflect.InvocationTargetException
at java.base/jdk.internal.reflect.NativeMethodAccessorImpl.invoke0(Native Method)
at java.base/jdk.internal.reflect.NativeMethodAccessorImpl.invoke(NativeMethodAccessorImpl.java:77)
at java.base/jdk.internal.reflect.DelegatingMethodAccessorImpl.invoke(DelegatingMethodAccessorImpl.java:43)
at java.base/java.lang.reflect.Method.invoke(Method.java:568)
at utils.FrameworkUtils.performMethod(FrameworkUtils.java:103)
at testSuite.LoginPageTests.testCase02(LoginPageTests.java:14)
at java.base/jdk.internal.reflect.NativeMethodAccessorImpl.invoke0(Native Method)
at java.base/jdk.internal.reflect.NativeMethodAccessorImpl.invoke(NativeMethodAccessorImpl.java:77)
at java.base/jdk.internal.reflect.DelegatingMethodAccessorImpl.invoke(DelegatingMethodAccessorImpl.java:43)
at java.base/java.lang.reflect.Method.invoke(Method.java:568)
at org.testng.internal.MethodInvocationHelper.invokeMethod(MethodInvocationHelper.java:133)
at org.testng.internal.TestInvoker.invokeMethod(TestInvoker.java:598)
at org.testng.internal.TestInvoker.invokeTestMethod(TestInvoker.java:173)
at org.testng.internal.MethodRunner.runInSequence(MethodRunner.java:46)
at org.testng.internal.TestInvoker$MethodInvocationAgent.invoke(TestInvoker.java:824)
at org.testng.internal.TestInvoker.invokeTestMethods(TestInvoker.java:146)
at org.testng.internal.TestMethodWorker.invokeTestMethods(TestMethodWorker.java:146)
at org.testng.internal.TestMethodWorker.run(TestMethodWorker.java:128)
at java.base/java.util.ArrayList.forEach(ArrayList.java:1511)
at org.testng.TestRunner.privateRun(TestRunner.java:794)
at org.testng.TestRunner.run(TestRunner.java:596)
at org.testng.SuiteRunner.runTest(SuiteRunner.java:377)
at org.testng.SuiteRunner.runSequentially(SuiteRunner.java:371)
at org.testng.SuiteRunner.privateRun(SuiteRunner.java:332)
at org.testng.SuiteRunner.run(SuiteRunner.java:276)
at org.testng.SuiteRunnerWorker.runSuite(SuiteRunnerWorker.java:53)
at org.testng.SuiteRunnerWorker.run(SuiteRunnerWorker.java:96)
at org.testng.TestNG.runSuitesSequentially(TestNG.java:1212)
at org.testng.TestNG.runSuitesLocally(TestNG.java:1134)
at org.testng.TestNG.runSuites(TestNG.java:1063)
at org.testng.TestNG.run(TestNG.java:1031)
at org.testng.remote.AbstractRemoteTestNG.run(AbstractRemoteTestNG.java:115)
at org.testng.remote.RemoteTestNG.initAndRun(RemoteTestNG.java:293)
at org.testng.remote.RemoteTestNG.main(RemoteTestNG.java:91)
Caused by: java.lang.AssertionError: null
at org.testng.Assert.fail(Assert.java:99)
at org.testng.Assert.fail(Assert.java:106)
at pages.LoginPage.login(LoginPage.java:64)
... 34 more
]]>
            </full-stacktrace>
          </exception> <!-- java.lang.reflect.InvocationTargetException -->
          <reporter-output>
          </reporter-output>
        </test-method> <!-- testCase02 -->
        <test-method is-config="true" signature="getTestData()[pri:0, instance:testSuite.LoginPageTests@223d2c72]" started-at="2024-10-24T07:04:04 IST" name="getTestData" finished-at="2024-10-24T07:04:05 IST" duration-ms="164" status="PASS">
          <reporter-output>
          </reporter-output>
        </test-method> <!-- getTestData -->
        <test-method is-config="true" signature="getCurrentMethodAndClass(org.testng.ITestResult)[pri:0, instance:testSuite.LoginPageTests@223d2c72]" started-at="2024-10-24T07:04:04 IST" name="getCurrentMethodAndClass" finished-at="2024-10-24T07:04:04 IST" duration-ms="0" status="PASS">
          <params>
            <param index="0">
              <value>
                <![CDATA[[TestResult name={null} status=CREATED method=LoginPageTests.testCase03()[pri:0, instance:testSuite.LoginPageTests@223d2c72] output={null}]]]>
              </value>
            </param>
          </params>
          <reporter-output>
          </reporter-output>
        </test-method> <!-- getCurrentMethodAndClass -->
        <test-method signature="testCase03()[pri:0, instance:testSuite.LoginPageTests@223d2c72]" started-at="2024-10-24T07:04:05 IST" name="testCase03" finished-at="2024-10-24T07:04:12 IST" duration-ms="7851" status="PASS">
          <reporter-output>
          </reporter-output>
        </test-method> <!-- testCase03 -->
        <test-method is-config="true" signature="getCurrentMethodAndClass(org.testng.ITestResult)[pri:0, instance:testSuite.LoginPageTests@223d2c72]" started-at="2024-10-24T07:04:12 IST" name="getCurrentMethodAndClass" finished-at="2024-10-24T07:04:12 IST" duration-ms="0" status="PASS">
          <params>
            <param index="0">
              <value>
                <![CDATA[[TestResult name={null} status=CREATED method=LoginPageTests.testCase04()[pri:0, instance:testSuite.LoginPageTests@223d2c72] output={null}]]]>
              </value>
            </param>
          </params>
          <reporter-output>
          </reporter-output>
        </test-method> <!-- getCurrentMethodAndClass -->
        <test-method is-config="true" signature="getTestData()[pri:0, instance:testSuite.LoginPageTests@223d2c72]" started-at="2024-10-24T07:04:12 IST" name="getTestData" finished-at="2024-10-24T07:04:13 IST" duration-ms="129" status="PASS">
          <reporter-output>
          </reporter-output>
        </test-method> <!-- getTestData -->
        <test-method signature="testCase04()[pri:0, instance:testSuite.LoginPageTests@223d2c72]" started-at="2024-10-24T07:04:13 IST" name="testCase04" finished-at="2024-10-24T07:04:20 IST" duration-ms="7607" status="PASS">
          <reporter-output>
          </reporter-output>
        </test-method> <!-- testCase04 -->
        <test-method is-config="true" signature="getTestData()[pri:0, instance:testSuite.LoginPageTests@223d2c72]" started-at="2024-10-24T07:04:20 IST" name="getTestData" finished-at="2024-10-24T07:04:20 IST" duration-ms="101" status="PASS">
          <reporter-output>
          </reporter-output>
        </test-method> <!-- getTestData -->
        <test-method is-config="true" signature="getCurrentMethodAndClass(org.testng.ITestResult)[pri:0, instance:testSuite.LoginPageTests@223d2c72]" started-at="2024-10-24T07:04:20 IST" name="getCurrentMethodAndClass" finished-at="2024-10-24T07:04:20 IST" duration-ms="0" status="PASS">
          <params>
            <param index="0">
              <value>
                <![CDATA[[TestResult name={null} status=CREATED method=LoginPageTests.testCase05()[pri:0, instance:testSuite.LoginPageTests@223d2c72] output={null}]]]>
              </value>
            </param>
          </params>
          <reporter-output>
          </reporter-output>
        </test-method> <!-- getCurrentMethodAndClass -->
        <test-method signature="testCase05()[pri:0, instance:testSuite.LoginPageTests@223d2c72]" started-at="2024-10-24T07:04:20 IST" name="testCase05" finished-at="2024-10-24T07:05:21 IST" duration-ms="60899" status="PASS">
          <reporter-output>
          </reporter-output>
        </test-method> <!-- testCase05 -->
        <test-method is-config="true" signature="getTestData()[pri:0, instance:testSuite.LoginPageTests@223d2c72]" started-at="2024-10-24T07:05:21 IST" name="getTestData" finished-at="2024-10-24T07:05:21 IST" duration-ms="117" status="PASS">
          <reporter-output>
          </reporter-output>
        </test-method> <!-- getTestData -->
        <test-method is-config="true" signature="getCurrentMethodAndClass(org.testng.ITestResult)[pri:0, instance:testSuite.LoginPageTests@223d2c72]" started-at="2024-10-24T07:05:21 IST" name="getCurrentMethodAndClass" finished-at="2024-10-24T07:05:21 IST" duration-ms="0" status="PASS">
          <params>
            <param index="0">
              <value>
                <![CDATA[[TestResult name={null} status=CREATED method=LoginPageTests.testCase06()[pri:0, instance:testSuite.LoginPageTests@223d2c72] output={null}]]]>
              </value>
            </param>
          </params>
          <reporter-output>
          </reporter-output>
        </test-method> <!-- getCurrentMethodAndClass -->
        <test-method signature="testCase06()[pri:0, instance:testSuite.LoginPageTests@223d2c72]" started-at="2024-10-24T07:05:21 IST" name="testCase06" finished-at="2024-10-24T07:06:22 IST" duration-ms="60955" status="PASS">
          <reporter-output>
          </reporter-output>
        </test-method> <!-- testCase06 -->
        <test-method is-config="true" signature="getCurrentMethodAndClass(org.testng.ITestResult)[pri:0, instance:testSuite.LoginPageTests@223d2c72]" started-at="2024-10-24T07:06:22 IST" name="getCurrentMethodAndClass" finished-at="2024-10-24T07:06:22 IST" duration-ms="0" status="PASS">
          <params>
            <param index="0">
              <value>
                <![CDATA[[TestResult name={null} status=CREATED method=LoginPageTests.testCase07()[pri:0, instance:testSuite.LoginPageTests@223d2c72] output={null}]]]>
              </value>
            </param>
          </params>
          <reporter-output>
          </reporter-output>
        </test-method> <!-- getCurrentMethodAndClass -->
        <test-method is-config="true" signature="getTestData()[pri:0, instance:testSuite.LoginPageTests@223d2c72]" started-at="2024-10-24T07:06:22 IST" name="getTestData" finished-at="2024-10-24T07:06:22 IST" duration-ms="118" status="PASS">
          <reporter-output>
          </reporter-output>
        </test-method> <!-- getTestData -->
        <test-method signature="testCase07()[pri:0, instance:testSuite.LoginPageTests@223d2c72]" started-at="2024-10-24T07:06:22 IST" name="testCase07" finished-at="2024-10-24T07:07:23 IST" duration-ms="60518" status="PASS">
          <reporter-output>
          </reporter-output>
        </test-method> <!-- testCase07 -->
      </class> <!-- testSuite.LoginPageTests -->
    </test> <!-- Default test -->
  </suite> <!-- Default suite -->
</testng-results>
