<?xml version="1.0" encoding="UTF-8"?>
<testng-results ignored="0" total="4" passed="0" failed="0" skipped="4">
  <reporter-output>
  </reporter-output>
  <suite started-at="2024-10-25T09:23:00 IST" name="Suite" finished-at="2024-10-25T09:23:01 IST" duration-ms="1238">
    <groups>
    </groups>
    <test started-at="2024-10-25T09:23:00 IST" name="Test" finished-at="2024-10-25T09:23:01 IST" duration-ms="1238">
      <class name="testSuite.LoginPageTests">
        <test-method is-config="true" signature="getCurrentMethodAndClass(org.testng.ITestResult)[pri:0, instance:testSuite.LoginPageTests@77847718]" started-at="2024-10-25T09:23:00 IST" name="getCurrentMethodAndClass" finished-at="2024-10-25T09:23:00 IST" duration-ms="8" status="PASS">
          <params>
            <param index="0">
              <value>
                <![CDATA[[TestResult name={null} status=CREATED method=LoginPageTests.testCase04()[pri:0, instance:testSuite.LoginPageTests@77847718] output={null}]]]>
              </value>
            </param>
          </params>
          <reporter-output>
          </reporter-output>
        </test-method> <!-- getCurrentMethodAndClass -->
        <test-method is-config="true" signature="getCurrentMethodAndClass(org.testng.ITestResult)[pri:0, instance:testSuite.LoginPageTests@77847718]" started-at="2024-10-25T09:23:00 IST" name="getCurrentMethodAndClass" finished-at="2024-10-25T09:23:00 IST" duration-ms="8" status="PASS">
          <params>
            <param index="0">
              <value>
                <![CDATA[[TestResult name={null} status=CREATED method=LoginPageTests.testCase03()[pri:0, instance:testSuite.LoginPageTests@77847718] output={null}]]]>
              </value>
            </param>
          </params>
          <reporter-output>
          </reporter-output>
        </test-method> <!-- getCurrentMethodAndClass -->
        <test-method is-config="true" signature="getTestData()[pri:0, instance:testSuite.LoginPageTests@77847718]" started-at="2024-10-25T09:23:00 IST" name="getTestData" finished-at="2024-10-25T09:23:00 IST" duration-ms="7" status="FAIL">
          <exception class="java.lang.NullPointerException">
            <full-stacktrace>
              <![CDATA[java.lang.NullPointerException
at java.base/java.io.FileInputStream.<init>(FileInputStream.java:149)
at java.base/java.io.FileInputStream.<init>(FileInputStream.java:111)
at utils.ExcelUtils.loadExcel(ExcelUtils.java:19)
at utils.ExcelUtils.getRowCount(ExcelUtils.java:25)
at utils.FrameworkUtils.getRowNumber(FrameworkUtils.java:14)
at utils.FrameworkUtils.loadTestData(FrameworkUtils.java:25)
at testSuite.BaseClass.getTestData(BaseClass.java:27)
at java.base/jdk.internal.reflect.NativeMethodAccessorImpl.invoke0(Native Method)
at java.base/jdk.internal.reflect.NativeMethodAccessorImpl.invoke(NativeMethodAccessorImpl.java:77)
at java.base/jdk.internal.reflect.DelegatingMethodAccessorImpl.invoke(DelegatingMethodAccessorImpl.java:43)
at java.base/java.lang.reflect.Method.invoke(Method.java:568)
at org.testng.internal.MethodInvocationHelper.invokeMethod(MethodInvocationHelper.java:133)
at org.testng.internal.MethodInvocationHelper.invokeMethodConsideringTimeout(MethodInvocationHelper.java:62)
at org.testng.internal.ConfigInvoker.invokeConfigurationMethod(ConfigInvoker.java:385)
at org.testng.internal.ConfigInvoker.invokeConfigurations(ConfigInvoker.java:321)
at org.testng.internal.TestInvoker.runConfigMethods(TestInvoker.java:700)
at org.testng.internal.TestInvoker.invokeMethod(TestInvoker.java:527)
at org.testng.internal.TestInvoker.invokeTestMethod(TestInvoker.java:173)
at org.testng.internal.MethodRunner.runInSequence(MethodRunner.java:46)
at org.testng.internal.TestInvoker$MethodInvocationAgent.invoke(TestInvoker.java:824)
at org.testng.internal.TestInvoker.invokeTestMethods(TestInvoker.java:146)
at org.testng.internal.TestMethodWorker.invokeTestMethods(TestMethodWorker.java:146)
at org.testng.internal.TestMethodWorker.run(TestMethodWorker.java:128)
at java.base/java.util.concurrent.ThreadPoolExecutor.runWorker(ThreadPoolExecutor.java:1136)
at java.base/java.util.concurrent.ThreadPoolExecutor$Worker.run(ThreadPoolExecutor.java:635)
at java.base/java.lang.Thread.run(Thread.java:842)
]]>
            </full-stacktrace>
          </exception> <!-- java.lang.NullPointerException -->
          <reporter-output>
          </reporter-output>
        </test-method> <!-- getTestData -->
        <test-method is-config="true" signature="getTestData()[pri:0, instance:testSuite.LoginPageTests@77847718]" started-at="2024-10-25T09:23:00 IST" name="getTestData" finished-at="2024-10-25T09:23:01 IST" duration-ms="1176" status="FAIL">
          <exception class="java.lang.NullPointerException">
            <message>
              <![CDATA[Cannot invoke "String.equalsIgnoreCase(String)" because "name" is null]]>
            </message>
            <full-stacktrace>
              <![CDATA[java.lang.NullPointerException: Cannot invoke "String.equalsIgnoreCase(String)" because "name" is null
at org.apache.poi.xssf.usermodel.XSSFWorkbook.getSheet(XSSFWorkbook.java:1169)
at utils.ExcelUtils.loadExcel(ExcelUtils.java:21)
at utils.ExcelUtils.getRowCount(ExcelUtils.java:25)
at utils.FrameworkUtils.getRowNumber(FrameworkUtils.java:14)
at utils.FrameworkUtils.loadTestData(FrameworkUtils.java:25)
at testSuite.BaseClass.getTestData(BaseClass.java:27)
at java.base/jdk.internal.reflect.NativeMethodAccessorImpl.invoke0(Native Method)
at java.base/jdk.internal.reflect.NativeMethodAccessorImpl.invoke(NativeMethodAccessorImpl.java:77)
at java.base/jdk.internal.reflect.DelegatingMethodAccessorImpl.invoke(DelegatingMethodAccessorImpl.java:43)
at java.base/java.lang.reflect.Method.invoke(Method.java:568)
at org.testng.internal.MethodInvocationHelper.invokeMethod(MethodInvocationHelper.java:133)
at org.testng.internal.MethodInvocationHelper.invokeMethodConsideringTimeout(MethodInvocationHelper.java:62)
at org.testng.internal.ConfigInvoker.invokeConfigurationMethod(ConfigInvoker.java:385)
at org.testng.internal.ConfigInvoker.invokeConfigurations(ConfigInvoker.java:321)
at org.testng.internal.TestInvoker.runConfigMethods(TestInvoker.java:700)
at org.testng.internal.TestInvoker.invokeMethod(TestInvoker.java:527)
at org.testng.internal.TestInvoker.invokeTestMethod(TestInvoker.java:173)
at org.testng.internal.MethodRunner.runInSequence(MethodRunner.java:46)
at org.testng.internal.TestInvoker$MethodInvocationAgent.invoke(TestInvoker.java:824)
at org.testng.internal.TestInvoker.invokeTestMethods(TestInvoker.java:146)
at org.testng.internal.TestMethodWorker.invokeTestMethods(TestMethodWorker.java:146)
at org.testng.internal.TestMethodWorker.run(TestMethodWorker.java:128)
at java.base/java.util.concurrent.ThreadPoolExecutor.runWorker(ThreadPoolExecutor.java:1136)
at java.base/java.util.concurrent.ThreadPoolExecutor$Worker.run(ThreadPoolExecutor.java:635)
at java.base/java.lang.Thread.run(Thread.java:842)
]]>
            </full-stacktrace>
          </exception> <!-- java.lang.NullPointerException -->
          <reporter-output>
          </reporter-output>
        </test-method> <!-- getTestData -->
        <test-method signature="testCase04()[pri:0, instance:testSuite.LoginPageTests@77847718]" started-at="2024-10-25T09:23:00 IST" name="testCase04" finished-at="2024-10-25T09:23:00 IST" duration-ms="0" status="SKIP">
          <exception class="java.lang.NullPointerException">
            <full-stacktrace>
              <![CDATA[java.lang.NullPointerException
at java.base/java.io.FileInputStream.<init>(FileInputStream.java:149)
at java.base/java.io.FileInputStream.<init>(FileInputStream.java:111)
at utils.ExcelUtils.loadExcel(ExcelUtils.java:19)
at utils.ExcelUtils.getRowCount(ExcelUtils.java:25)
at utils.FrameworkUtils.getRowNumber(FrameworkUtils.java:14)
at utils.FrameworkUtils.loadTestData(FrameworkUtils.java:25)
at testSuite.BaseClass.getTestData(BaseClass.java:27)
at java.base/jdk.internal.reflect.NativeMethodAccessorImpl.invoke0(Native Method)
at java.base/jdk.internal.reflect.NativeMethodAccessorImpl.invoke(NativeMethodAccessorImpl.java:77)
at java.base/jdk.internal.reflect.DelegatingMethodAccessorImpl.invoke(DelegatingMethodAccessorImpl.java:43)
at java.base/java.lang.reflect.Method.invoke(Method.java:568)
at org.testng.internal.MethodInvocationHelper.invokeMethod(MethodInvocationHelper.java:133)
at org.testng.internal.MethodInvocationHelper.invokeMethodConsideringTimeout(MethodInvocationHelper.java:62)
at org.testng.internal.ConfigInvoker.invokeConfigurationMethod(ConfigInvoker.java:385)
at org.testng.internal.ConfigInvoker.invokeConfigurations(ConfigInvoker.java:321)
at org.testng.internal.TestInvoker.runConfigMethods(TestInvoker.java:700)
at org.testng.internal.TestInvoker.invokeMethod(TestInvoker.java:527)
at org.testng.internal.TestInvoker.invokeTestMethod(TestInvoker.java:173)
at org.testng.internal.MethodRunner.runInSequence(MethodRunner.java:46)
at org.testng.internal.TestInvoker$MethodInvocationAgent.invoke(TestInvoker.java:824)
at org.testng.internal.TestInvoker.invokeTestMethods(TestInvoker.java:146)
at org.testng.internal.TestMethodWorker.invokeTestMethods(TestMethodWorker.java:146)
at org.testng.internal.TestMethodWorker.run(TestMethodWorker.java:128)
at java.base/java.util.concurrent.ThreadPoolExecutor.runWorker(ThreadPoolExecutor.java:1136)
at java.base/java.util.concurrent.ThreadPoolExecutor$Worker.run(ThreadPoolExecutor.java:635)
at java.base/java.lang.Thread.run(Thread.java:842)
]]>
            </full-stacktrace>
          </exception> <!-- java.lang.NullPointerException -->
          <reporter-output>
          </reporter-output>
        </test-method> <!-- testCase04 -->
        <test-method is-config="true" signature="getCurrentMethodAndClass(org.testng.ITestResult)[pri:0, instance:testSuite.LoginPageTests@77847718]" started-at="2024-10-25T09:23:00 IST" name="getCurrentMethodAndClass" finished-at="1970-01-01T05:30:00 IST" duration-ms="-1729828380568" status="SKIP">
          <reporter-output>
          </reporter-output>
        </test-method> <!-- getCurrentMethodAndClass -->
        <test-method is-config="true" signature="getTestData()[pri:0, instance:testSuite.LoginPageTests@77847718]" started-at="2024-10-25T09:23:00 IST" name="getTestData" finished-at="1970-01-01T05:30:00 IST" duration-ms="-1729828380570" status="SKIP">
          <reporter-output>
          </reporter-output>
        </test-method> <!-- getTestData -->
        <test-method signature="testCase05()[pri:0, instance:testSuite.LoginPageTests@77847718]" started-at="2024-10-25T09:23:00 IST" name="testCase05" finished-at="2024-10-25T09:23:00 IST" duration-ms="0" status="SKIP">
          <exception class="java.lang.NullPointerException">
            <full-stacktrace>
              <![CDATA[java.lang.NullPointerException
at java.base/java.io.FileInputStream.<init>(FileInputStream.java:149)
at java.base/java.io.FileInputStream.<init>(FileInputStream.java:111)
at utils.ExcelUtils.loadExcel(ExcelUtils.java:19)
at utils.ExcelUtils.getRowCount(ExcelUtils.java:25)
at utils.FrameworkUtils.getRowNumber(FrameworkUtils.java:14)
at utils.FrameworkUtils.loadTestData(FrameworkUtils.java:25)
at testSuite.BaseClass.getTestData(BaseClass.java:27)
at java.base/jdk.internal.reflect.NativeMethodAccessorImpl.invoke0(Native Method)
at java.base/jdk.internal.reflect.NativeMethodAccessorImpl.invoke(NativeMethodAccessorImpl.java:77)
at java.base/jdk.internal.reflect.DelegatingMethodAccessorImpl.invoke(DelegatingMethodAccessorImpl.java:43)
at java.base/java.lang.reflect.Method.invoke(Method.java:568)
at org.testng.internal.MethodInvocationHelper.invokeMethod(MethodInvocationHelper.java:133)
at org.testng.internal.MethodInvocationHelper.invokeMethodConsideringTimeout(MethodInvocationHelper.java:62)
at org.testng.internal.ConfigInvoker.invokeConfigurationMethod(ConfigInvoker.java:385)
at org.testng.internal.ConfigInvoker.invokeConfigurations(ConfigInvoker.java:321)
at org.testng.internal.TestInvoker.runConfigMethods(TestInvoker.java:700)
at org.testng.internal.TestInvoker.invokeMethod(TestInvoker.java:527)
at org.testng.internal.TestInvoker.invokeTestMethod(TestInvoker.java:173)
at org.testng.internal.MethodRunner.runInSequence(MethodRunner.java:46)
at org.testng.internal.TestInvoker$MethodInvocationAgent.invoke(TestInvoker.java:824)
at org.testng.internal.TestInvoker.invokeTestMethods(TestInvoker.java:146)
at org.testng.internal.TestMethodWorker.invokeTestMethods(TestMethodWorker.java:146)
at org.testng.internal.TestMethodWorker.run(TestMethodWorker.java:128)
at java.base/java.util.concurrent.ThreadPoolExecutor.runWorker(ThreadPoolExecutor.java:1136)
at java.base/java.util.concurrent.ThreadPoolExecutor$Worker.run(ThreadPoolExecutor.java:635)
at java.base/java.lang.Thread.run(Thread.java:842)
]]>
            </full-stacktrace>
          </exception> <!-- java.lang.NullPointerException -->
          <reporter-output>
          </reporter-output>
        </test-method> <!-- testCase05 -->
        <test-method is-config="true" signature="getCurrentMethodAndClass(org.testng.ITestResult)[pri:0, instance:testSuite.LoginPageTests@77847718]" started-at="2024-10-25T09:23:00 IST" name="getCurrentMethodAndClass" finished-at="1970-01-01T05:30:00 IST" duration-ms="-1729828380578" status="SKIP">
          <reporter-output>
          </reporter-output>
        </test-method> <!-- getCurrentMethodAndClass -->
        <test-method is-config="true" signature="getTestData()[pri:0, instance:testSuite.LoginPageTests@77847718]" started-at="2024-10-25T09:23:00 IST" name="getTestData" finished-at="1970-01-01T05:30:00 IST" duration-ms="-1729828380580" status="SKIP">
          <reporter-output>
          </reporter-output>
        </test-method> <!-- getTestData -->
        <test-method signature="testCase06()[pri:0, instance:testSuite.LoginPageTests@77847718]" started-at="2024-10-25T09:23:00 IST" name="testCase06" finished-at="2024-10-25T09:23:00 IST" duration-ms="0" status="SKIP">
          <exception class="java.lang.NullPointerException">
            <full-stacktrace>
              <![CDATA[java.lang.NullPointerException
at java.base/java.io.FileInputStream.<init>(FileInputStream.java:149)
at java.base/java.io.FileInputStream.<init>(FileInputStream.java:111)
at utils.ExcelUtils.loadExcel(ExcelUtils.java:19)
at utils.ExcelUtils.getRowCount(ExcelUtils.java:25)
at utils.FrameworkUtils.getRowNumber(FrameworkUtils.java:14)
at utils.FrameworkUtils.loadTestData(FrameworkUtils.java:25)
at testSuite.BaseClass.getTestData(BaseClass.java:27)
at java.base/jdk.internal.reflect.NativeMethodAccessorImpl.invoke0(Native Method)
at java.base/jdk.internal.reflect.NativeMethodAccessorImpl.invoke(NativeMethodAccessorImpl.java:77)
at java.base/jdk.internal.reflect.DelegatingMethodAccessorImpl.invoke(DelegatingMethodAccessorImpl.java:43)
at java.base/java.lang.reflect.Method.invoke(Method.java:568)
at org.testng.internal.MethodInvocationHelper.invokeMethod(MethodInvocationHelper.java:133)
at org.testng.internal.MethodInvocationHelper.invokeMethodConsideringTimeout(MethodInvocationHelper.java:62)
at org.testng.internal.ConfigInvoker.invokeConfigurationMethod(ConfigInvoker.java:385)
at org.testng.internal.ConfigInvoker.invokeConfigurations(ConfigInvoker.java:321)
at org.testng.internal.TestInvoker.runConfigMethods(TestInvoker.java:700)
at org.testng.internal.TestInvoker.invokeMethod(TestInvoker.java:527)
at org.testng.internal.TestInvoker.invokeTestMethod(TestInvoker.java:173)
at org.testng.internal.MethodRunner.runInSequence(MethodRunner.java:46)
at org.testng.internal.TestInvoker$MethodInvocationAgent.invoke(TestInvoker.java:824)
at org.testng.internal.TestInvoker.invokeTestMethods(TestInvoker.java:146)
at org.testng.internal.TestMethodWorker.invokeTestMethods(TestMethodWorker.java:146)
at org.testng.internal.TestMethodWorker.run(TestMethodWorker.java:128)
at java.base/java.util.concurrent.ThreadPoolExecutor.runWorker(ThreadPoolExecutor.java:1136)
at java.base/java.util.concurrent.ThreadPoolExecutor$Worker.run(ThreadPoolExecutor.java:635)
at java.base/java.lang.Thread.run(Thread.java:842)
]]>
            </full-stacktrace>
          </exception> <!-- java.lang.NullPointerException -->
          <reporter-output>
          </reporter-output>
        </test-method> <!-- testCase06 -->
        <test-method signature="testCase03()[pri:0, instance:testSuite.LoginPageTests@77847718]" started-at="2024-10-25T09:23:01 IST" name="testCase03" finished-at="2024-10-25T09:23:01 IST" duration-ms="0" status="SKIP">
          <exception class="java.lang.NullPointerException">
            <full-stacktrace>
              <![CDATA[java.lang.NullPointerException
at java.base/java.io.FileInputStream.<init>(FileInputStream.java:149)
at java.base/java.io.FileInputStream.<init>(FileInputStream.java:111)
at utils.ExcelUtils.loadExcel(ExcelUtils.java:19)
at utils.ExcelUtils.getRowCount(ExcelUtils.java:25)
at utils.FrameworkUtils.getRowNumber(FrameworkUtils.java:14)
at utils.FrameworkUtils.loadTestData(FrameworkUtils.java:25)
at testSuite.BaseClass.getTestData(BaseClass.java:27)
at java.base/jdk.internal.reflect.NativeMethodAccessorImpl.invoke0(Native Method)
at java.base/jdk.internal.reflect.NativeMethodAccessorImpl.invoke(NativeMethodAccessorImpl.java:77)
at java.base/jdk.internal.reflect.DelegatingMethodAccessorImpl.invoke(DelegatingMethodAccessorImpl.java:43)
at java.base/java.lang.reflect.Method.invoke(Method.java:568)
at org.testng.internal.MethodInvocationHelper.invokeMethod(MethodInvocationHelper.java:133)
at org.testng.internal.MethodInvocationHelper.invokeMethodConsideringTimeout(MethodInvocationHelper.java:62)
at org.testng.internal.ConfigInvoker.invokeConfigurationMethod(ConfigInvoker.java:385)
at org.testng.internal.ConfigInvoker.invokeConfigurations(ConfigInvoker.java:321)
at org.testng.internal.TestInvoker.runConfigMethods(TestInvoker.java:700)
at org.testng.internal.TestInvoker.invokeMethod(TestInvoker.java:527)
at org.testng.internal.TestInvoker.invokeTestMethod(TestInvoker.java:173)
at org.testng.internal.MethodRunner.runInSequence(MethodRunner.java:46)
at org.testng.internal.TestInvoker$MethodInvocationAgent.invoke(TestInvoker.java:824)
at org.testng.internal.TestInvoker.invokeTestMethods(TestInvoker.java:146)
at org.testng.internal.TestMethodWorker.invokeTestMethods(TestMethodWorker.java:146)
at org.testng.internal.TestMethodWorker.run(TestMethodWorker.java:128)
at java.base/java.util.concurrent.ThreadPoolExecutor.runWorker(ThreadPoolExecutor.java:1136)
at java.base/java.util.concurrent.ThreadPoolExecutor$Worker.run(ThreadPoolExecutor.java:635)
at java.base/java.lang.Thread.run(Thread.java:842)
]]>
            </full-stacktrace>
          </exception> <!-- java.lang.NullPointerException -->
          <reporter-output>
          </reporter-output>
        </test-method> <!-- testCase03 -->
        <test-method is-config="true" signature="close()[pri:0, instance:testSuite.LoginPageTests@77847718]" started-at="2024-10-25T09:23:01 IST" name="close" finished-at="1970-01-01T05:30:00 IST" duration-ms="-1729828381723" status="SKIP">
          <reporter-output>
          </reporter-output>
        </test-method> <!-- close -->
      </class> <!-- testSuite.LoginPageTests -->
    </test> <!-- Test -->
  </suite> <!-- Suite -->
</testng-results>
