<?xml version="1.0" encoding="UTF-8"?>
<testng-results ignored="0" total="8" passed="8" failed="0" skipped="0">
  <reporter-output>
  </reporter-output>
  <suite started-at="2024-09-22T09:32:32 IST" name="Default suite" finished-at="2024-09-22T09:36:33 IST" duration-ms="241784">
    <groups>
      <group name="cucumber">
        <method signature="AbstractTestNGCucumberTests.runScenario(io.cucumber.testng.PickleWrapper,io.cucumber.testng.FeatureWrapper)[pri:0, instance:testrunner.TestRunner@397fbdb]" name="runScenario" class="io.cucumber.testng.AbstractTestNGCucumberTests"/>
      </group> <!-- cucumber -->
    </groups>
    <test started-at="2024-09-22T09:32:32 IST" name="Default test" finished-at="2024-09-22T09:36:33 IST" duration-ms="241784">
      <class name="testrunner.TestRunner">
        <test-method is-config="true" signature="setUpClass(org.testng.ITestContext)[pri:0, instance:testrunner.TestRunner@397fbdb]" started-at="2024-09-22T09:32:32 IST" name="setUpClass" finished-at="2024-09-22T09:32:32 IST" duration-ms="625" status="PASS">
          <params>
            <param index="0">
              <value>
                <![CDATA[org.testng.TestRunner@66713605]]>
              </value>
            </param>
          </params>
          <reporter-output>
          </reporter-output>
        </test-method> <!-- setUpClass -->
        <test-method signature="runScenario(io.cucumber.testng.PickleWrapper,io.cucumber.testng.FeatureWrapper)[pri:0, instance:testrunner.TestRunner@397fbdb]" started-at="2024-09-22T09:32:32 IST" name="runScenario" description="Runs Cucumber Scenarios" data-provider="scenarios" finished-at="2024-09-22T09:32:53 IST" duration-ms="20924" status="PASS">
          <params>
            <param index="0">
              <value>
                <![CDATA["Add items to cart using Outline approach"]]>
              </value>
            </param>
            <param index="1">
              <value>
                <![CDATA["Amazon AddToCart functionality"]]>
              </value>
            </param>
          </params>
          <reporter-output>
          </reporter-output>
        </test-method> <!-- runScenario -->
        <test-method signature="runScenario(io.cucumber.testng.PickleWrapper,io.cucumber.testng.FeatureWrapper)[pri:0, instance:testrunner.TestRunner@397fbdb]" started-at="2024-09-22T09:32:53 IST" name="runScenario" description="Runs Cucumber Scenarios" data-provider="scenarios" finished-at="2024-09-22T09:33:40 IST" duration-ms="47146" status="PASS">
          <params>
            <param index="0">
              <value>
                <![CDATA["Add items to cart using Outline approach"]]>
              </value>
            </param>
            <param index="1">
              <value>
                <![CDATA["Amazon AddToCart functionality"]]>
              </value>
            </param>
          </params>
          <reporter-output>
          </reporter-output>
        </test-method> <!-- runScenario -->
        <test-method signature="runScenario(io.cucumber.testng.PickleWrapper,io.cucumber.testng.FeatureWrapper)[pri:0, instance:testrunner.TestRunner@397fbdb]" started-at="2024-09-22T09:33:40 IST" name="runScenario" description="Runs Cucumber Scenarios" data-provider="scenarios" finished-at="2024-09-22T09:34:07 IST" duration-ms="26651" status="PASS">
          <params>
            <param index="0">
              <value>
                <![CDATA["Add items to cart using Outline approach"]]>
              </value>
            </param>
            <param index="1">
              <value>
                <![CDATA["Amazon AddToCart functionality"]]>
              </value>
            </param>
          </params>
          <reporter-output>
          </reporter-output>
        </test-method> <!-- runScenario -->
        <test-method signature="runScenario(io.cucumber.testng.PickleWrapper,io.cucumber.testng.FeatureWrapper)[pri:0, instance:testrunner.TestRunner@397fbdb]" started-at="2024-09-22T09:34:07 IST" name="runScenario" description="Runs Cucumber Scenarios" data-provider="scenarios" finished-at="2024-09-22T09:34:27 IST" duration-ms="20192" status="PASS">
          <params>
            <param index="0">
              <value>
                <![CDATA["Add items to cart using Outline approach"]]>
              </value>
            </param>
            <param index="1">
              <value>
                <![CDATA["Amazon AddToCart functionality"]]>
              </value>
            </param>
          </params>
          <reporter-output>
          </reporter-output>
        </test-method> <!-- runScenario -->
        <test-method signature="runScenario(io.cucumber.testng.PickleWrapper,io.cucumber.testng.FeatureWrapper)[pri:0, instance:testrunner.TestRunner@397fbdb]" started-at="2024-09-22T09:34:27 IST" name="runScenario" description="Runs Cucumber Scenarios" data-provider="scenarios" finished-at="2024-09-22T09:34:51 IST" duration-ms="23428" status="PASS">
          <params>
            <param index="0">
              <value>
                <![CDATA["Add items to cart using Outline approach"]]>
              </value>
            </param>
            <param index="1">
              <value>
                <![CDATA["Amazon AddToCart functionality"]]>
              </value>
            </param>
          </params>
          <reporter-output>
          </reporter-output>
        </test-method> <!-- runScenario -->
        <test-method signature="runScenario(io.cucumber.testng.PickleWrapper,io.cucumber.testng.FeatureWrapper)[pri:0, instance:testrunner.TestRunner@397fbdb]" started-at="2024-09-22T09:34:51 IST" name="runScenario" description="Runs Cucumber Scenarios" data-provider="scenarios" finished-at="2024-09-22T09:35:26 IST" duration-ms="35504" status="PASS">
          <params>
            <param index="0">
              <value>
                <![CDATA["Add items to cart using Outline approach"]]>
              </value>
            </param>
            <param index="1">
              <value>
                <![CDATA["Amazon AddToCart functionality"]]>
              </value>
            </param>
          </params>
          <reporter-output>
          </reporter-output>
        </test-method> <!-- runScenario -->
        <test-method signature="runScenario(io.cucumber.testng.PickleWrapper,io.cucumber.testng.FeatureWrapper)[pri:0, instance:testrunner.TestRunner@397fbdb]" started-at="2024-09-22T09:35:26 IST" name="runScenario" description="Runs Cucumber Scenarios" data-provider="scenarios" finished-at="2024-09-22T09:35:48 IST" duration-ms="21947" status="PASS">
          <params>
            <param index="0">
              <value>
                <![CDATA["Add items to cart using Outline approach"]]>
              </value>
            </param>
            <param index="1">
              <value>
                <![CDATA["Amazon AddToCart functionality"]]>
              </value>
            </param>
          </params>
          <reporter-output>
          </reporter-output>
        </test-method> <!-- runScenario -->
        <test-method signature="runScenario(io.cucumber.testng.PickleWrapper,io.cucumber.testng.FeatureWrapper)[pri:0, instance:testrunner.TestRunner@397fbdb]" started-at="2024-09-22T09:35:48 IST" name="runScenario" description="Runs Cucumber Scenarios" data-provider="scenarios" finished-at="2024-09-22T09:36:33 IST" duration-ms="45316" status="PASS">
          <params>
            <param index="0">
              <value>
                <![CDATA["Add items to cart using Outline approach"]]>
              </value>
            </param>
            <param index="1">
              <value>
                <![CDATA["Amazon AddToCart functionality"]]>
              </value>
            </param>
          </params>
          <reporter-output>
          </reporter-output>
        </test-method> <!-- runScenario -->
        <test-method is-config="true" signature="tearDownClass()[pri:0, instance:testrunner.TestRunner@397fbdb]" started-at="2024-09-22T09:36:33 IST" name="tearDownClass" finished-at="2024-09-22T09:36:33 IST" duration-ms="11" status="PASS">
          <reporter-output>
          </reporter-output>
        </test-method> <!-- tearDownClass -->
      </class> <!-- testrunner.TestRunner -->
    </test> <!-- Default test -->
  </suite> <!-- Default suite -->
</testng-results>
